{"C:\\Users\\Lenovo\\Desktop\\IP_Project\\IP-HCK73\\server\\app.js": {"path":"C:\\Users\\Lenovo\\Desktop\\IP_Project\\IP-HCK73\\server\\app.js","statementMap":{"0":{"start":{"line":1,"column":0},"end":{"line":1,"column":26}},"1":{"start":{"line":2,"column":16},"end":{"line":2,"column":34}},"2":{"start":{"line":3,"column":12},"end":{"line":3,"column":21}},"3":{"start":{"line":4,"column":13},"end":{"line":4,"column":17}},"4":{"start":{"line":5,"column":15},"end":{"line":5,"column":41}},"5":{"start":{"line":8,"column":0},"end":{"line":10,"column":3}},"6":{"start":{"line":9,"column":4},"end":{"line":9,"column":30}},"7":{"start":{"line":13,"column":0},"end":{"line":13,"column":46}},"8":{"start":{"line":14,"column":0},"end":{"line":14,"column":23}},"9":{"start":{"line":16,"column":0},"end":{"line":16,"column":15}},"10":{"start":{"line":23,"column":0},"end":{"line":23,"column":20}}},"fnMap":{},"branchMap":{"0":{"loc":{"start":{"line":8,"column":0},"end":{"line":10,"column":3}},"type":"if","locations":[{"start":{"line":8,"column":0},"end":{"line":10,"column":3}},{"start":{},"end":{}}],"line":8}},"s":{"0":2,"1":2,"2":2,"3":2,"4":2,"5":2,"6":2,"7":2,"8":2,"9":2,"10":2},"f":{},"b":{"0":[2,0]},"_coverageSchema":"1a1c01bbd47fc00a2c39e90264f33305004495a9","hash":"5173477fe0e42710625cd79656b20c9159774755"}
,"C:\\Users\\Lenovo\\Desktop\\IP_Project\\IP-HCK73\\server\\controller\\UserController.js": {"path":"C:\\Users\\Lenovo\\Desktop\\IP_Project\\IP-HCK73\\server\\controller\\UserController.js","statementMap":{"0":{"start":{"line":1,"column":28},"end":{"line":1,"column":55}},"1":{"start":{"line":2,"column":23},"end":{"line":2,"column":47}},"2":{"start":{"line":3,"column":17},"end":{"line":3,"column":37}},"3":{"start":{"line":7,"column":31},"end":{"line":7,"column":63}},"4":{"start":{"line":8,"column":14},"end":{"line":8,"column":60}},"5":{"start":{"line":10,"column":23},"end":{"line":10,"column":53}},"6":{"start":{"line":11,"column":15},"end":{"line":11,"column":33}},"7":{"start":{"line":17,"column":4},"end":{"line":46,"column":5}},"8":{"start":{"line":19,"column":28},"end":{"line":19,"column":36}},"9":{"start":{"line":23,"column":21},"end":{"line":26,"column":8}},"10":{"start":{"line":27,"column":22},"end":{"line":27,"column":41}},"11":{"start":{"line":28,"column":30},"end":{"line":38,"column":8}},"12":{"start":{"line":40,"column":20},"end":{"line":40,"column":70}},"13":{"start":{"line":41,"column":6},"end":{"line":41,"column":68}},"14":{"start":{"line":45,"column":6},"end":{"line":45,"column":65}},"15":{"start":{"line":52,"column":4},"end":{"line":65,"column":5}},"16":{"start":{"line":54,"column":41},"end":{"line":54,"column":49}},"17":{"start":{"line":56,"column":17},"end":{"line":60,"column":8}},"18":{"start":{"line":62,"column":8},"end":{"line":62,"column":42}},"19":{"start":{"line":64,"column":8},"end":{"line":64,"column":19}},"20":{"start":{"line":71,"column":4},"end":{"line":105,"column":5}},"21":{"start":{"line":72,"column":36},"end":{"line":72,"column":44}},"22":{"start":{"line":74,"column":6},"end":{"line":76,"column":7}},"23":{"start":{"line":75,"column":8},"end":{"line":75,"column":42}},"24":{"start":{"line":77,"column":6},"end":{"line":79,"column":7}},"25":{"start":{"line":78,"column":8},"end":{"line":78,"column":44}},"26":{"start":{"line":81,"column":19},"end":{"line":85,"column":8}},"27":{"start":{"line":87,"column":6},"end":{"line":90,"column":7}},"28":{"start":{"line":88,"column":8},"end":{"line":88,"column":50}},"29":{"start":{"line":92,"column":30},"end":{"line":92,"column":70}},"30":{"start":{"line":94,"column":6},"end":{"line":97,"column":7}},"31":{"start":{"line":95,"column":8},"end":{"line":95,"column":49}},"32":{"start":{"line":99,"column":26},"end":{"line":99,"column":52}},"33":{"start":{"line":101,"column":6},"end":{"line":101,"column":56}},"34":{"start":{"line":103,"column":8},"end":{"line":103,"column":19}},"35":{"start":{"line":109,"column":4},"end":{"line":120,"column":5}},"36":{"start":{"line":111,"column":21},"end":{"line":111,"column":31}},"37":{"start":{"line":113,"column":19},"end":{"line":113,"column":42}},"38":{"start":{"line":115,"column":4},"end":{"line":115,"column":18}},"39":{"start":{"line":118,"column":28},"end":{"line":118,"column":85}},"40":{"start":{"line":124,"column":4},"end":{"line":145,"column":5}},"41":{"start":{"line":126,"column":23},"end":{"line":126,"column":31}},"42":{"start":{"line":131,"column":26},"end":{"line":131,"column":80}},"43":{"start":{"line":133,"column":27},"end":{"line":133,"column":231}},"44":{"start":{"line":135,"column":27},"end":{"line":135,"column":62}},"45":{"start":{"line":136,"column":29},"end":{"line":136,"column":50}},"46":{"start":{"line":137,"column":25},"end":{"line":137,"column":40}},"47":{"start":{"line":138,"column":12},"end":{"line":138,"column":27}},"48":{"start":{"line":141,"column":10},"end":{"line":141,"column":16}},"49":{"start":{"line":143,"column":28},"end":{"line":143,"column":85}},"50":{"start":{"line":149,"column":0},"end":{"line":149,"column":32}},"51":{"start":{"line":156,"column":85},"end":{"line":156,"column":38910}},"52":{"start":{"line":156,"column":89},"end":{"line":156,"column":38899}}},"fnMap":{"0":{"name":"(anonymous_0)","decl":{"start":{"line":16,"column":2},"end":{"line":16,"column":3}},"loc":{"start":{"line":16,"column":40},"end":{"line":47,"column":3}},"line":16},"1":{"name":"(anonymous_1)","decl":{"start":{"line":51,"column":2},"end":{"line":51,"column":3}},"loc":{"start":{"line":51,"column":44},"end":{"line":66,"column":3}},"line":51},"2":{"name":"(anonymous_2)","decl":{"start":{"line":70,"column":2},"end":{"line":70,"column":3}},"loc":{"start":{"line":70,"column":38},"end":{"line":106,"column":3}},"line":70},"3":{"name":"(anonymous_3)","decl":{"start":{"line":108,"column":2},"end":{"line":108,"column":3}},"loc":{"start":{"line":108,"column":36},"end":{"line":121,"column":3}},"line":108},"4":{"name":"(anonymous_4)","decl":{"start":{"line":123,"column":2},"end":{"line":123,"column":3}},"loc":{"start":{"line":123,"column":26},"end":{"line":146,"column":3}},"line":123},"5":{"name":"run","decl":{"start":{"line":129,"column":23},"end":{"line":129,"column":26}},"loc":{"start":{"line":129,"column":29},"end":{"line":139,"column":11}},"line":129},"6":{"name":"oo_cm","decl":{"start":{"line":156,"column":77},"end":{"line":156,"column":82}},"loc":{"start":{"line":156,"column":84},"end":{"line":156,"column":38911}},"line":156}},"branchMap":{"0":{"loc":{"start":{"line":41,"column":17},"end":{"line":41,"column":36}},"type":"cond-expr","locations":[{"start":{"line":41,"column":27},"end":{"line":41,"column":30}},{"start":{"line":41,"column":33},"end":{"line":41,"column":36}}],"line":41},"1":{"loc":{"start":{"line":74,"column":6},"end":{"line":76,"column":7}},"type":"if","locations":[{"start":{"line":74,"column":6},"end":{"line":76,"column":7}},{"start":{},"end":{}}],"line":74},"2":{"loc":{"start":{"line":77,"column":6},"end":{"line":79,"column":7}},"type":"if","locations":[{"start":{"line":77,"column":6},"end":{"line":79,"column":7}},{"start":{},"end":{}}],"line":77},"3":{"loc":{"start":{"line":87,"column":6},"end":{"line":90,"column":7}},"type":"if","locations":[{"start":{"line":87,"column":6},"end":{"line":90,"column":7}},{"start":{},"end":{}}],"line":87},"4":{"loc":{"start":{"line":94,"column":6},"end":{"line":97,"column":7}},"type":"if","locations":[{"start":{"line":94,"column":6},"end":{"line":97,"column":7}},{"start":{},"end":{}}],"line":94},"5":{"loc":{"start":{"line":156,"column":96},"end":{"line":156,"column":38898}},"type":"binary-expr","locations":[{"start":{"line":156,"column":96},"end":{"line":156,"column":133}},{"start":{"line":156,"column":137},"end":{"line":156,"column":38898}}],"line":156}},"s":{"0":2,"1":2,"2":2,"3":2,"4":2,"5":2,"6":2,"7":0,"8":0,"9":0,"10":0,"11":0,"12":0,"13":0,"14":0,"15":4,"16":4,"17":4,"18":1,"19":3,"20":4,"21":4,"22":4,"23":1,"24":3,"25":1,"26":2,"27":2,"28":0,"29":2,"30":2,"31":1,"32":1,"33":1,"34":3,"35":0,"36":0,"37":0,"38":0,"39":0,"40":0,"41":0,"42":0,"43":0,"44":0,"45":0,"46":0,"47":0,"48":0,"49":0,"50":2,"51":0,"52":0},"f":{"0":0,"1":4,"2":4,"3":0,"4":0,"5":0,"6":0},"b":{"0":[0,0],"1":[1,3],"2":[1,2],"3":[0,2],"4":[1,1],"5":[0,0]},"_coverageSchema":"1a1c01bbd47fc00a2c39e90264f33305004495a9","hash":"9e0f1f306c6c66c6cdce3369c822d468e4a8b4f2"}
,"C:\\Users\\Lenovo\\Desktop\\IP_Project\\IP-HCK73\\server\\controller\\recipeController.js": {"path":"C:\\Users\\Lenovo\\Desktop\\IP_Project\\IP-HCK73\\server\\controller\\recipeController.js","statementMap":{"0":{"start":{"line":1,"column":19},"end":{"line":1,"column":39}},"1":{"start":{"line":5,"column":4},"end":{"line":11,"column":5}},"2":{"start":{"line":6,"column":19},"end":{"line":6,"column":41}},"3":{"start":{"line":8,"column":6},"end":{"line":8,"column":33}},"4":{"start":{"line":10,"column":6},"end":{"line":10,"column":18}},"5":{"start":{"line":15,"column":4},"end":{"line":32,"column":5}},"6":{"start":{"line":17,"column":17},"end":{"line":17,"column":25}},"7":{"start":{"line":20,"column":19},"end":{"line":24,"column":8}},"8":{"start":{"line":27,"column":6},"end":{"line":27,"column":33}},"9":{"start":{"line":31,"column":6},"end":{"line":31,"column":17}},"10":{"start":{"line":36,"column":4},"end":{"line":47,"column":5}},"11":{"start":{"line":37,"column":21},"end":{"line":37,"column":31}},"12":{"start":{"line":38,"column":19},"end":{"line":38,"column":44}},"13":{"start":{"line":40,"column":6},"end":{"line":42,"column":7}},"14":{"start":{"line":41,"column":8},"end":{"line":41,"column":36}},"15":{"start":{"line":44,"column":6},"end":{"line":44,"column":33}},"16":{"start":{"line":46,"column":6},"end":{"line":46,"column":18}},"17":{"start":{"line":51,"column":4},"end":{"line":60,"column":5}},"18":{"start":{"line":52,"column":23},"end":{"line":55,"column":8}},"19":{"start":{"line":57,"column":6},"end":{"line":57,"column":39}},"20":{"start":{"line":59,"column":6},"end":{"line":59,"column":18}},"21":{"start":{"line":64,"column":4},"end":{"line":88,"column":5}},"22":{"start":{"line":65,"column":21},"end":{"line":65,"column":31}},"23":{"start":{"line":66,"column":22},"end":{"line":66,"column":33}},"24":{"start":{"line":68,"column":21},"end":{"line":68,"column":46}},"25":{"start":{"line":70,"column":6},"end":{"line":72,"column":7}},"26":{"start":{"line":71,"column":8},"end":{"line":71,"column":36}},"27":{"start":{"line":74,"column":6},"end":{"line":76,"column":7}},"28":{"start":{"line":75,"column":8},"end":{"line":75,"column":36}},"29":{"start":{"line":78,"column":6},"end":{"line":82,"column":9}},"30":{"start":{"line":84,"column":27},"end":{"line":84,"column":52}},"31":{"start":{"line":85,"column":6},"end":{"line":85,"column":43}},"32":{"start":{"line":87,"column":6},"end":{"line":87,"column":18}},"33":{"start":{"line":92,"column":4},"end":{"line":116,"column":5}},"34":{"start":{"line":93,"column":21},"end":{"line":93,"column":31}},"35":{"start":{"line":94,"column":22},"end":{"line":94,"column":33}},"36":{"start":{"line":96,"column":21},"end":{"line":96,"column":46}},"37":{"start":{"line":98,"column":6},"end":{"line":100,"column":7}},"38":{"start":{"line":99,"column":8},"end":{"line":99,"column":36}},"39":{"start":{"line":102,"column":6},"end":{"line":104,"column":7}},"40":{"start":{"line":103,"column":8},"end":{"line":103,"column":36}},"41":{"start":{"line":106,"column":6},"end":{"line":110,"column":9}},"42":{"start":{"line":112,"column":6},"end":{"line":112,"column":81}},"43":{"start":{"line":115,"column":6},"end":{"line":115,"column":17}},"44":{"start":{"line":120,"column":0},"end":{"line":120,"column":34}}},"fnMap":{"0":{"name":"(anonymous_0)","decl":{"start":{"line":4,"column":2},"end":{"line":4,"column":3}},"loc":{"start":{"line":4,"column":44},"end":{"line":12,"column":3}},"line":4},"1":{"name":"(anonymous_1)","decl":{"start":{"line":14,"column":2},"end":{"line":14,"column":3}},"loc":{"start":{"line":14,"column":46},"end":{"line":33,"column":3}},"line":14},"2":{"name":"(anonymous_2)","decl":{"start":{"line":35,"column":2},"end":{"line":35,"column":3}},"loc":{"start":{"line":35,"column":45},"end":{"line":48,"column":3}},"line":35},"3":{"name":"(anonymous_3)","decl":{"start":{"line":50,"column":2},"end":{"line":50,"column":3}},"loc":{"start":{"line":50,"column":41},"end":{"line":61,"column":3}},"line":50},"4":{"name":"(anonymous_4)","decl":{"start":{"line":63,"column":2},"end":{"line":63,"column":3}},"loc":{"start":{"line":63,"column":42},"end":{"line":89,"column":3}},"line":63},"5":{"name":"(anonymous_5)","decl":{"start":{"line":91,"column":2},"end":{"line":91,"column":3}},"loc":{"start":{"line":91,"column":43},"end":{"line":117,"column":3}},"line":91}},"branchMap":{"0":{"loc":{"start":{"line":40,"column":6},"end":{"line":42,"column":7}},"type":"if","locations":[{"start":{"line":40,"column":6},"end":{"line":42,"column":7}},{"start":{},"end":{}}],"line":40},"1":{"loc":{"start":{"line":70,"column":6},"end":{"line":72,"column":7}},"type":"if","locations":[{"start":{"line":70,"column":6},"end":{"line":72,"column":7}},{"start":{},"end":{}}],"line":70},"2":{"loc":{"start":{"line":74,"column":6},"end":{"line":76,"column":7}},"type":"if","locations":[{"start":{"line":74,"column":6},"end":{"line":76,"column":7}},{"start":{},"end":{}}],"line":74},"3":{"loc":{"start":{"line":98,"column":6},"end":{"line":100,"column":7}},"type":"if","locations":[{"start":{"line":98,"column":6},"end":{"line":100,"column":7}},{"start":{},"end":{}}],"line":98},"4":{"loc":{"start":{"line":102,"column":6},"end":{"line":104,"column":7}},"type":"if","locations":[{"start":{"line":102,"column":6},"end":{"line":104,"column":7}},{"start":{},"end":{}}],"line":102}},"s":{"0":2,"1":1,"2":1,"3":1,"4":0,"5":0,"6":0,"7":0,"8":0,"9":0,"10":0,"11":0,"12":0,"13":0,"14":0,"15":0,"16":0,"17":3,"18":3,"19":1,"20":2,"21":3,"22":3,"23":3,"24":3,"25":3,"26":1,"27":2,"28":1,"29":1,"30":1,"31":1,"32":2,"33":3,"34":3,"35":3,"36":3,"37":3,"38":1,"39":2,"40":1,"41":1,"42":1,"43":2,"44":2},"f":{"0":1,"1":0,"2":0,"3":3,"4":3,"5":3},"b":{"0":[0,0],"1":[1,2],"2":[1,1],"3":[1,2],"4":[1,1]},"_coverageSchema":"1a1c01bbd47fc00a2c39e90264f33305004495a9","hash":"01638a11050e363dbd9be20d524a20afab82bc7c"}
,"C:\\Users\\Lenovo\\Desktop\\IP_Project\\IP-HCK73\\server\\helper\\bcrypt.js": {"path":"C:\\Users\\Lenovo\\Desktop\\IP_Project\\IP-HCK73\\server\\helper\\bcrypt.js","statementMap":{"0":{"start":{"line":1,"column":15},"end":{"line":1,"column":34}},"1":{"start":{"line":3,"column":24},"end":{"line":7,"column":1}},"2":{"start":{"line":4,"column":15},"end":{"line":4,"column":37}},"3":{"start":{"line":5,"column":4},"end":{"line":5,"column":42}},"4":{"start":{"line":9,"column":24},"end":{"line":11,"column":1}},"5":{"start":{"line":10,"column":4},"end":{"line":10,"column":54}},"6":{"start":{"line":15,"column":0},"end":{"line":18,"column":1}}},"fnMap":{"0":{"name":"(anonymous_0)","decl":{"start":{"line":3,"column":24},"end":{"line":3,"column":25}},"loc":{"start":{"line":3,"column":37},"end":{"line":7,"column":1}},"line":3},"1":{"name":"(anonymous_1)","decl":{"start":{"line":9,"column":24},"end":{"line":9,"column":25}},"loc":{"start":{"line":9,"column":53},"end":{"line":11,"column":1}},"line":9}},"branchMap":{},"s":{"0":2,"1":2,"2":4,"3":4,"4":2,"5":2,"6":2},"f":{"0":4,"1":2},"b":{},"_coverageSchema":"1a1c01bbd47fc00a2c39e90264f33305004495a9","hash":"2a8e26714aa373745f3105e05f5e15c3c68ca4ca"}
,"C:\\Users\\Lenovo\\Desktop\\IP_Project\\IP-HCK73\\server\\helper\\jwt.js": {"path":"C:\\Users\\Lenovo\\Desktop\\IP_Project\\IP-HCK73\\server\\helper\\jwt.js","statementMap":{"0":{"start":{"line":3,"column":12},"end":{"line":3,"column":35}},"1":{"start":{"line":5,"column":18},"end":{"line":7,"column":1}},"2":{"start":{"line":6,"column":2},"end":{"line":6,"column":51}},"3":{"start":{"line":9,"column":20},"end":{"line":11,"column":1}},"4":{"start":{"line":10,"column":2},"end":{"line":10,"column":51}},"5":{"start":{"line":13,"column":0},"end":{"line":16,"column":2}}},"fnMap":{"0":{"name":"(anonymous_0)","decl":{"start":{"line":5,"column":18},"end":{"line":5,"column":19}},"loc":{"start":{"line":5,"column":31},"end":{"line":7,"column":1}},"line":5},"1":{"name":"(anonymous_1)","decl":{"start":{"line":9,"column":20},"end":{"line":9,"column":21}},"loc":{"start":{"line":9,"column":31},"end":{"line":11,"column":1}},"line":9}},"branchMap":{},"s":{"0":2,"1":2,"2":3,"3":2,"4":10,"5":2},"f":{"0":3,"1":10},"b":{},"_coverageSchema":"1a1c01bbd47fc00a2c39e90264f33305004495a9","hash":"b25e7d21c4a3708234097df9fd5678b31a2269c6"}
,"C:\\Users\\Lenovo\\Desktop\\IP_Project\\IP-HCK73\\server\\middlewear\\errorHendeller.js": {"path":"C:\\Users\\Lenovo\\Desktop\\IP_Project\\IP-HCK73\\server\\middlewear\\errorHendeller.js","statementMap":{"0":{"start":{"line":2,"column":15},"end":{"line":2,"column":32}},"1":{"start":{"line":3,"column":16},"end":{"line":3,"column":54}},"2":{"start":{"line":5,"column":2},"end":{"line":35,"column":3}},"3":{"start":{"line":7,"column":6},"end":{"line":7,"column":19}},"4":{"start":{"line":8,"column":6},"end":{"line":8,"column":38}},"5":{"start":{"line":9,"column":6},"end":{"line":9,"column":12}},"6":{"start":{"line":11,"column":6},"end":{"line":11,"column":19}},"7":{"start":{"line":12,"column":6},"end":{"line":12,"column":38}},"8":{"start":{"line":13,"column":6},"end":{"line":13,"column":12}},"9":{"start":{"line":16,"column":6},"end":{"line":16,"column":19}},"10":{"start":{"line":17,"column":6},"end":{"line":17,"column":36}},"11":{"start":{"line":18,"column":6},"end":{"line":18,"column":12}},"12":{"start":{"line":20,"column":6},"end":{"line":20,"column":19}},"13":{"start":{"line":21,"column":6},"end":{"line":21,"column":39}},"14":{"start":{"line":22,"column":6},"end":{"line":22,"column":12}},"15":{"start":{"line":24,"column":6},"end":{"line":24,"column":19}},"16":{"start":{"line":25,"column":6},"end":{"line":25,"column":47}},"17":{"start":{"line":26,"column":6},"end":{"line":26,"column":12}},"18":{"start":{"line":28,"column":6},"end":{"line":28,"column":19}},"19":{"start":{"line":29,"column":6},"end":{"line":29,"column":28}},"20":{"start":{"line":30,"column":6},"end":{"line":30,"column":12}},"21":{"start":{"line":32,"column":6},"end":{"line":32,"column":19}},"22":{"start":{"line":33,"column":6},"end":{"line":33,"column":28}},"23":{"start":{"line":34,"column":6},"end":{"line":34,"column":12}},"24":{"start":{"line":37,"column":2},"end":{"line":37,"column":39}},"25":{"start":{"line":40,"column":0},"end":{"line":40,"column":31}}},"fnMap":{"0":{"name":"errorHandeler","decl":{"start":{"line":1,"column":9},"end":{"line":1,"column":22}},"loc":{"start":{"line":1,"column":44},"end":{"line":38,"column":1}},"line":1}},"branchMap":{"0":{"loc":{"start":{"line":2,"column":15},"end":{"line":2,"column":32}},"type":"binary-expr","locations":[{"start":{"line":2,"column":15},"end":{"line":2,"column":18}},{"start":{"line":2,"column":22},"end":{"line":2,"column":32}}],"line":2},"1":{"loc":{"start":{"line":3,"column":16},"end":{"line":3,"column":54}},"type":"binary-expr","locations":[{"start":{"line":3,"column":16},"end":{"line":3,"column":27}},{"start":{"line":3,"column":31},"end":{"line":3,"column":54}}],"line":3},"2":{"loc":{"start":{"line":5,"column":2},"end":{"line":35,"column":3}},"type":"switch","locations":[{"start":{"line":6,"column":4},"end":{"line":9,"column":12}},{"start":{"line":10,"column":4},"end":{"line":13,"column":12}},{"start":{"line":15,"column":4},"end":{"line":18,"column":12}},{"start":{"line":19,"column":4},"end":{"line":22,"column":12}},{"start":{"line":23,"column":4},"end":{"line":26,"column":12}},{"start":{"line":27,"column":4},"end":{"line":30,"column":12}},{"start":{"line":31,"column":4},"end":{"line":34,"column":12}}],"line":5}},"s":{"0":12,"1":12,"2":12,"3":0,"4":0,"5":0,"6":5,"7":5,"8":5,"9":1,"10":1,"11":1,"12":1,"13":1,"14":1,"15":1,"16":1,"17":1,"18":2,"19":2,"20":2,"21":2,"22":2,"23":2,"24":12,"25":2},"f":{"0":12},"b":{"0":[12,0],"1":[12,7],"2":[0,5,1,1,1,2,2]},"_coverageSchema":"1a1c01bbd47fc00a2c39e90264f33305004495a9","hash":"a50d423f3bcf3b6946ce37e778a5edb9f62d8d7e"}
,"C:\\Users\\Lenovo\\Desktop\\IP_Project\\IP-HCK73\\server\\models\\index.js": {"path":"C:\\Users\\Lenovo\\Desktop\\IP_Project\\IP-HCK73\\server\\models\\index.js","statementMap":{"0":{"start":{"line":3,"column":11},"end":{"line":3,"column":24}},"1":{"start":{"line":4,"column":13},"end":{"line":4,"column":28}},"2":{"start":{"line":5,"column":18},"end":{"line":5,"column":38}},"3":{"start":{"line":6,"column":16},"end":{"line":6,"column":34}},"4":{"start":{"line":7,"column":17},"end":{"line":7,"column":42}},"5":{"start":{"line":8,"column":12},"end":{"line":8,"column":49}},"6":{"start":{"line":9,"column":15},"end":{"line":9,"column":65}},"7":{"start":{"line":10,"column":11},"end":{"line":10,"column":13}},"8":{"start":{"line":13,"column":0},"end":{"line":17,"column":1}},"9":{"start":{"line":14,"column":2},"end":{"line":14,"column":74}},"10":{"start":{"line":16,"column":2},"end":{"line":16,"column":87}},"11":{"start":{"line":19,"column":0},"end":{"line":32,"column":5}},"12":{"start":{"line":22,"column":4},"end":{"line":27,"column":6}},"13":{"start":{"line":30,"column":18},"end":{"line":30,"column":85}},"14":{"start":{"line":31,"column":4},"end":{"line":31,"column":27}},"15":{"start":{"line":34,"column":0},"end":{"line":38,"column":3}},"16":{"start":{"line":35,"column":2},"end":{"line":37,"column":3}},"17":{"start":{"line":36,"column":4},"end":{"line":36,"column":32}},"18":{"start":{"line":40,"column":0},"end":{"line":40,"column":25}},"19":{"start":{"line":41,"column":0},"end":{"line":41,"column":25}},"20":{"start":{"line":43,"column":0},"end":{"line":43,"column":20}}},"fnMap":{"0":{"name":"(anonymous_0)","decl":{"start":{"line":21,"column":10},"end":{"line":21,"column":11}},"loc":{"start":{"line":21,"column":18},"end":{"line":28,"column":3}},"line":21},"1":{"name":"(anonymous_1)","decl":{"start":{"line":29,"column":11},"end":{"line":29,"column":12}},"loc":{"start":{"line":29,"column":19},"end":{"line":32,"column":3}},"line":29},"2":{"name":"(anonymous_2)","decl":{"start":{"line":34,"column":24},"end":{"line":34,"column":25}},"loc":{"start":{"line":34,"column":37},"end":{"line":38,"column":1}},"line":34}},"branchMap":{"0":{"loc":{"start":{"line":8,"column":12},"end":{"line":8,"column":49}},"type":"binary-expr","locations":[{"start":{"line":8,"column":12},"end":{"line":8,"column":32}},{"start":{"line":8,"column":36},"end":{"line":8,"column":49}}],"line":8},"1":{"loc":{"start":{"line":13,"column":0},"end":{"line":17,"column":1}},"type":"if","locations":[{"start":{"line":13,"column":0},"end":{"line":17,"column":1}},{"start":{"line":15,"column":7},"end":{"line":17,"column":1}}],"line":13},"2":{"loc":{"start":{"line":23,"column":6},"end":{"line":26,"column":37}},"type":"binary-expr","locations":[{"start":{"line":23,"column":6},"end":{"line":23,"column":29}},{"start":{"line":24,"column":6},"end":{"line":24,"column":23}},{"start":{"line":25,"column":6},"end":{"line":25,"column":30}},{"start":{"line":26,"column":6},"end":{"line":26,"column":37}}],"line":23},"3":{"loc":{"start":{"line":35,"column":2},"end":{"line":37,"column":3}},"type":"if","locations":[{"start":{"line":35,"column":2},"end":{"line":37,"column":3}},{"start":{},"end":{}}],"line":35}},"s":{"0":2,"1":2,"2":2,"3":2,"4":2,"5":2,"6":2,"7":2,"8":2,"9":0,"10":2,"11":2,"12":6,"13":4,"14":4,"15":2,"16":4,"17":4,"18":2,"19":2,"20":2},"f":{"0":6,"1":4,"2":4},"b":{"0":[2,0],"1":[0,2],"2":[6,6,4,4],"3":[4,0]},"_coverageSchema":"1a1c01bbd47fc00a2c39e90264f33305004495a9","hash":"ac6493b23e8601912bfe929c5abe2818d58fa55a"}
,"C:\\Users\\Lenovo\\Desktop\\IP_Project\\IP-HCK73\\server\\models\\recipe.js": {"path":"C:\\Users\\Lenovo\\Desktop\\IP_Project\\IP-HCK73\\server\\models\\recipe.js","statementMap":{"0":{"start":{"line":2,"column":18},"end":{"line":2,"column":38}},"1":{"start":{"line":3,"column":0},"end":{"line":64,"column":2}},"2":{"start":{"line":12,"column":6},"end":{"line":12,"column":35}},"3":{"start":{"line":15,"column":2},"end":{"line":62,"column":4}},"4":{"start":{"line":63,"column":2},"end":{"line":63,"column":16}}},"fnMap":{"0":{"name":"(anonymous_0)","decl":{"start":{"line":3,"column":17},"end":{"line":3,"column":18}},"loc":{"start":{"line":3,"column":43},"end":{"line":64,"column":1}},"line":3},"1":{"name":"(anonymous_1)","decl":{"start":{"line":10,"column":4},"end":{"line":10,"column":5}},"loc":{"start":{"line":10,"column":29},"end":{"line":13,"column":5}},"line":10}},"branchMap":{},"s":{"0":2,"1":2,"2":2,"3":2,"4":2},"f":{"0":2,"1":2},"b":{},"_coverageSchema":"1a1c01bbd47fc00a2c39e90264f33305004495a9","hash":"dfd4b0d69c6df0402aeb3eba04335336dec6b665"}
,"C:\\Users\\Lenovo\\Desktop\\IP_Project\\IP-HCK73\\server\\models\\user.js": {"path":"C:\\Users\\Lenovo\\Desktop\\IP_Project\\IP-HCK73\\server\\models\\user.js","statementMap":{"0":{"start":{"line":4,"column":4},"end":{"line":4,"column":24}},"1":{"start":{"line":5,"column":28},"end":{"line":5,"column":55}},"2":{"start":{"line":6,"column":0},"end":{"line":74,"column":2}},"3":{"start":{"line":9,"column":6},"end":{"line":9,"column":33}},"4":{"start":{"line":12,"column":2},"end":{"line":67,"column":5}},"5":{"start":{"line":69,"column":2},"end":{"line":71,"column":4}},"6":{"start":{"line":70,"column":4},"end":{"line":70,"column":50}},"7":{"start":{"line":73,"column":2},"end":{"line":73,"column":14}}},"fnMap":{"0":{"name":"(anonymous_0)","decl":{"start":{"line":6,"column":17},"end":{"line":6,"column":18}},"loc":{"start":{"line":6,"column":43},"end":{"line":74,"column":1}},"line":6},"1":{"name":"(anonymous_1)","decl":{"start":{"line":8,"column":4},"end":{"line":8,"column":5}},"loc":{"start":{"line":8,"column":29},"end":{"line":10,"column":5}},"line":8},"2":{"name":"(anonymous_2)","decl":{"start":{"line":69,"column":20},"end":{"line":69,"column":21}},"loc":{"start":{"line":69,"column":38},"end":{"line":71,"column":3}},"line":69}},"branchMap":{},"s":{"0":2,"1":2,"2":2,"3":2,"4":2,"5":2,"6":4,"7":2},"f":{"0":2,"1":2,"2":4},"b":{},"_coverageSchema":"1a1c01bbd47fc00a2c39e90264f33305004495a9","hash":"20eb325d949d0c32dc0321e3049a1163591c8db9"}
,"C:\\Users\\Lenovo\\Desktop\\IP_Project\\IP-HCK73\\server\\routers\\index.js": {"path":"C:\\Users\\Lenovo\\Desktop\\IP_Project\\IP-HCK73\\server\\routers\\index.js","statementMap":{"0":{"start":{"line":1,"column":16},"end":{"line":1,"column":34}},"1":{"start":{"line":2,"column":15},"end":{"line":2,"column":31}},"2":{"start":{"line":3,"column":23},"end":{"line":3,"column":62}},"3":{"start":{"line":4,"column":25},"end":{"line":4,"column":66}},"4":{"start":{"line":5,"column":14},"end":{"line":5,"column":34}},"5":{"start":{"line":6,"column":24},"end":{"line":6,"column":48}},"6":{"start":{"line":7,"column":22},"end":{"line":7,"column":61}},"7":{"start":{"line":8,"column":13},"end":{"line":8,"column":28}},"8":{"start":{"line":10,"column":0},"end":{"line":10,"column":18}},"9":{"start":{"line":12,"column":0},"end":{"line":12,"column":54}},"10":{"start":{"line":14,"column":0},"end":{"line":14,"column":54}},"11":{"start":{"line":16,"column":0},"end":{"line":16,"column":46}},"12":{"start":{"line":22,"column":4},"end":{"line":53,"column":5}},"13":{"start":{"line":24,"column":27},"end":{"line":24,"column":52}},"14":{"start":{"line":26,"column":6},"end":{"line":28,"column":7}},"15":{"start":{"line":27,"column":8},"end":{"line":27,"column":42}},"16":{"start":{"line":30,"column":28},"end":{"line":30,"column":51}},"17":{"start":{"line":32,"column":6},"end":{"line":34,"column":7}},"18":{"start":{"line":33,"column":8},"end":{"line":33,"column":42}},"19":{"start":{"line":36,"column":22},"end":{"line":36,"column":40}},"20":{"start":{"line":38,"column":19},"end":{"line":38,"column":50}},"21":{"start":{"line":39,"column":6},"end":{"line":41,"column":7}},"22":{"start":{"line":40,"column":8},"end":{"line":40,"column":42}},"23":{"start":{"line":43,"column":6},"end":{"line":46,"column":8}},"24":{"start":{"line":48,"column":6},"end":{"line":48,"column":13}},"25":{"start":{"line":51,"column":24},"end":{"line":51,"column":79}},"26":{"start":{"line":58,"column":0},"end":{"line":58,"column":50}},"27":{"start":{"line":60,"column":0},"end":{"line":60,"column":69}},"28":{"start":{"line":61,"column":0},"end":{"line":61,"column":66}},"29":{"start":{"line":63,"column":0},"end":{"line":63,"column":78}},"30":{"start":{"line":64,"column":0},"end":{"line":64,"column":75}},"31":{"start":{"line":66,"column":0},"end":{"line":66,"column":70}},"32":{"start":{"line":67,"column":0},"end":{"line":67,"column":75}},"33":{"start":{"line":69,"column":0},"end":{"line":69,"column":53}},"34":{"start":{"line":71,"column":0},"end":{"line":71,"column":26}},"35":{"start":{"line":74,"column":0},"end":{"line":81,"column":68}},"36":{"start":{"line":81,"column":85},"end":{"line":81,"column":38910}},"37":{"start":{"line":81,"column":89},"end":{"line":81,"column":38899}}},"fnMap":{"0":{"name":"authentincation","decl":{"start":{"line":21,"column":15},"end":{"line":21,"column":30}},"loc":{"start":{"line":21,"column":47},"end":{"line":54,"column":3}},"line":21},"1":{"name":"oo_cm","decl":{"start":{"line":81,"column":77},"end":{"line":81,"column":82}},"loc":{"start":{"line":81,"column":84},"end":{"line":81,"column":38911}},"line":81}},"branchMap":{"0":{"loc":{"start":{"line":26,"column":6},"end":{"line":28,"column":7}},"type":"if","locations":[{"start":{"line":26,"column":6},"end":{"line":28,"column":7}},{"start":{},"end":{}}],"line":26},"1":{"loc":{"start":{"line":32,"column":6},"end":{"line":34,"column":7}},"type":"if","locations":[{"start":{"line":32,"column":6},"end":{"line":34,"column":7}},{"start":{},"end":{}}],"line":32},"2":{"loc":{"start":{"line":32,"column":10},"end":{"line":32,"column":50}},"type":"binary-expr","locations":[{"start":{"line":32,"column":10},"end":{"line":32,"column":29}},{"start":{"line":32,"column":33},"end":{"line":32,"column":39}},{"start":{"line":32,"column":43},"end":{"line":32,"column":50}}],"line":32},"3":{"loc":{"start":{"line":39,"column":6},"end":{"line":41,"column":7}},"type":"if","locations":[{"start":{"line":39,"column":6},"end":{"line":41,"column":7}},{"start":{},"end":{}}],"line":39},"4":{"loc":{"start":{"line":81,"column":96},"end":{"line":81,"column":38898}},"type":"binary-expr","locations":[{"start":{"line":81,"column":96},"end":{"line":81,"column":133}},{"start":{"line":81,"column":137},"end":{"line":81,"column":38898}}],"line":81}},"s":{"0":2,"1":2,"2":2,"3":2,"4":2,"5":2,"6":2,"7":2,"8":2,"9":2,"10":2,"11":2,"12":10,"13":10,"14":10,"15":0,"16":10,"17":10,"18":0,"19":10,"20":10,"21":10,"22":0,"23":10,"24":10,"25":0,"26":2,"27":2,"28":2,"29":2,"30":2,"31":2,"32":2,"33":2,"34":2,"35":2,"36":0,"37":0},"f":{"0":10,"1":0},"b":{"0":[0,10],"1":[0,10],"2":[10,10,10],"3":[0,10],"4":[0,0]},"_coverageSchema":"1a1c01bbd47fc00a2c39e90264f33305004495a9","hash":"8cf28bee99043a2a1d46bffe9043ff30a6477751"}
}
