TN:
SF:app.js
FNF:0
FNH:0
DA:1,2
DA:2,2
DA:3,2
DA:4,2
DA:5,2
DA:8,2
DA:9,2
DA:13,2
DA:14,2
DA:16,2
DA:23,2
LF:11
LH:11
BRDA:8,0,0,2
BRDA:8,0,1,0
BRF:2
BRH:1
end_of_record
TN:
SF:controller\UserController.js
FN:16,(anonymous_0)
FN:51,(anonymous_1)
FN:70,(anonymous_2)
FN:108,(anonymous_3)
FN:123,(anonymous_4)
FN:129,run
FN:156,oo_cm
FNF:7
FNH:2
FNDA:0,(anonymous_0)
FNDA:4,(anonymous_1)
FNDA:4,(anonymous_2)
FNDA:0,(anonymous_3)
FNDA:0,(anonymous_4)
FNDA:0,run
FNDA:0,oo_cm
DA:1,2
DA:2,2
DA:3,2
DA:7,2
DA:8,2
DA:10,2
DA:11,2
DA:17,0
DA:19,0
DA:23,0
DA:27,0
DA:28,0
DA:40,0
DA:41,0
DA:45,0
DA:52,4
DA:54,4
DA:56,4
DA:62,1
DA:64,3
DA:71,4
DA:72,4
DA:74,4
DA:75,1
DA:77,3
DA:78,1
DA:81,2
DA:87,2
DA:88,0
DA:92,2
DA:94,2
DA:95,1
DA:99,1
DA:101,1
DA:103,3
DA:109,0
DA:111,0
DA:113,0
DA:115,0
DA:118,0
DA:124,0
DA:126,0
DA:131,0
DA:133,0
DA:135,0
DA:136,0
DA:137,0
DA:138,0
DA:141,0
DA:143,0
DA:149,2
DA:156,0
LF:52
LH:27
BRDA:41,0,0,0
BRDA:41,0,1,0
BRDA:74,1,0,1
BRDA:74,1,1,3
BRDA:77,2,0,1
BRDA:77,2,1,2
BRDA:87,3,0,0
BRDA:87,3,1,2
BRDA:94,4,0,1
BRDA:94,4,1,1
BRDA:156,5,0,0
BRDA:156,5,1,0
BRF:12
BRH:7
end_of_record
TN:
SF:controller\recipeController.js
FN:4,(anonymous_0)
FN:14,(anonymous_1)
FN:35,(anonymous_2)
FN:50,(anonymous_3)
FN:63,(anonymous_4)
FN:91,(anonymous_5)
FNF:6
FNH:4
FNDA:1,(anonymous_0)
FNDA:0,(anonymous_1)
FNDA:0,(anonymous_2)
FNDA:3,(anonymous_3)
FNDA:3,(anonymous_4)
FNDA:3,(anonymous_5)
DA:1,2
DA:5,1
DA:6,1
DA:8,1
DA:10,0
DA:15,0
DA:17,0
DA:20,0
DA:27,0
DA:31,0
DA:36,0
DA:37,0
DA:38,0
DA:40,0
DA:41,0
DA:44,0
DA:46,0
DA:51,3
DA:52,3
DA:57,1
DA:59,2
DA:64,3
DA:65,3
DA:66,3
DA:68,3
DA:70,3
DA:71,1
DA:74,2
DA:75,1
DA:78,1
DA:84,1
DA:85,1
DA:87,2
DA:92,3
DA:93,3
DA:94,3
DA:96,3
DA:98,3
DA:99,1
DA:102,2
DA:103,1
DA:106,1
DA:112,1
DA:115,2
DA:120,2
LF:45
LH:32
BRDA:40,0,0,0
BRDA:40,0,1,0
BRDA:70,1,0,1
BRDA:70,1,1,2
BRDA:74,2,0,1
BRDA:74,2,1,1
BRDA:98,3,0,1
BRDA:98,3,1,2
BRDA:102,4,0,1
BRDA:102,4,1,1
BRF:10
BRH:8
end_of_record
TN:
SF:helper\bcrypt.js
FN:3,(anonymous_0)
FN:9,(anonymous_1)
FNF:2
FNH:2
FNDA:4,(anonymous_0)
FNDA:2,(anonymous_1)
DA:1,2
DA:3,2
DA:4,4
DA:5,4
DA:9,2
DA:10,2
DA:15,2
LF:7
LH:7
BRF:0
BRH:0
end_of_record
TN:
SF:helper\jwt.js
FN:5,(anonymous_0)
FN:9,(anonymous_1)
FNF:2
FNH:2
FNDA:3,(anonymous_0)
FNDA:10,(anonymous_1)
DA:3,2
DA:5,2
DA:6,3
DA:9,2
DA:10,10
DA:13,2
LF:6
LH:6
BRF:0
BRH:0
end_of_record
TN:
SF:middlewear\errorHendeller.js
FN:1,errorHandeler
FNF:1
FNH:1
FNDA:12,errorHandeler
DA:2,12
DA:3,12
DA:5,12
DA:7,0
DA:8,0
DA:9,0
DA:11,5
DA:12,5
DA:13,5
DA:16,1
DA:17,1
DA:18,1
DA:20,1
DA:21,1
DA:22,1
DA:24,1
DA:25,1
DA:26,1
DA:28,2
DA:29,2
DA:30,2
DA:32,2
DA:33,2
DA:34,2
DA:37,12
DA:40,2
LF:26
LH:23
BRDA:2,0,0,12
BRDA:2,0,1,0
BRDA:3,1,0,12
BRDA:3,1,1,7
BRDA:5,2,0,0
BRDA:5,2,1,5
BRDA:5,2,2,1
BRDA:5,2,3,1
BRDA:5,2,4,1
BRDA:5,2,5,2
BRDA:5,2,6,2
BRF:11
BRH:9
end_of_record
TN:
SF:models\index.js
FN:21,(anonymous_0)
FN:29,(anonymous_1)
FN:34,(anonymous_2)
FNF:3
FNH:3
FNDA:6,(anonymous_0)
FNDA:4,(anonymous_1)
FNDA:4,(anonymous_2)
DA:3,2
DA:4,2
DA:5,2
DA:6,2
DA:7,2
DA:8,2
DA:9,2
DA:10,2
DA:13,2
DA:14,0
DA:16,2
DA:19,2
DA:22,6
DA:30,4
DA:31,4
DA:34,2
DA:35,4
DA:36,4
DA:40,2
DA:41,2
DA:43,2
LF:21
LH:20
BRDA:8,0,0,2
BRDA:8,0,1,0
BRDA:13,1,0,0
BRDA:13,1,1,2
BRDA:23,2,0,6
BRDA:23,2,1,6
BRDA:23,2,2,4
BRDA:23,2,3,4
BRDA:35,3,0,4
BRDA:35,3,1,0
BRF:10
BRH:7
end_of_record
TN:
SF:models\recipe.js
FN:3,(anonymous_0)
FN:10,(anonymous_1)
FNF:2
FNH:2
FNDA:2,(anonymous_0)
FNDA:2,(anonymous_1)
DA:2,2
DA:3,2
DA:12,2
DA:15,2
DA:63,2
LF:5
LH:5
BRF:0
BRH:0
end_of_record
TN:
SF:models\user.js
FN:6,(anonymous_0)
FN:8,(anonymous_1)
FN:69,(anonymous_2)
FNF:3
FNH:3
FNDA:2,(anonymous_0)
FNDA:2,(anonymous_1)
FNDA:4,(anonymous_2)
DA:4,2
DA:5,2
DA:6,2
DA:9,2
DA:12,2
DA:69,2
DA:70,4
DA:73,2
LF:8
LH:8
BRF:0
BRH:0
end_of_record
TN:
SF:routers\index.js
FN:21,authentincation
FN:81,oo_cm
FNF:2
FNH:1
FNDA:10,authentincation
FNDA:0,oo_cm
DA:1,2
DA:2,2
DA:3,2
DA:4,2
DA:5,2
DA:6,2
DA:7,2
DA:8,2
DA:10,2
DA:12,2
DA:14,2
DA:16,2
DA:22,10
DA:24,10
DA:26,10
DA:27,0
DA:30,10
DA:32,10
DA:33,0
DA:36,10
DA:38,10
DA:39,10
DA:40,0
DA:43,10
DA:48,10
DA:51,0
DA:58,2
DA:60,2
DA:61,2
DA:63,2
DA:64,2
DA:66,2
DA:67,2
DA:69,2
DA:71,2
DA:74,2
DA:81,0
LF:37
LH:32
BRDA:26,0,0,0
BRDA:26,0,1,10
BRDA:32,1,0,0
BRDA:32,1,1,10
BRDA:32,2,0,10
BRDA:32,2,1,10
BRDA:32,2,2,10
BRDA:39,3,0,0
BRDA:39,3,1,10
BRDA:81,4,0,0
BRDA:81,4,1,0
BRF:11
BRH:6
end_of_record
